Arguments: 
  /data/data/com.termux/files/usr/bin/node /data/data/com.termux/files/usr/share/yarn/bin/yarn.js install

PATH: 
  /data/data/com.termux/files/usr/bin

Yarn version: 
  1.22.19

Node version: 
  20.2.0

Platform: 
  android arm64

Trace: 
  Error: EPERM: operation not permitted, symlink '../../../../fast-xml-parser/src/cli/cli.js' -> '/storage/emulated/0/Abot/node_modules/@aws-sdk/client-sts/node_modules/.bin/fxparser'

npm manifest: 
  {
    "name": "Slemek-bot",
    "version": "1.1.2",
    "description": "WhatsApp Using Lib Baileys Multi Device",
    "main": "index.js",
    "type": "commonjs",
    "scripts": {
      "start": "node index.js"
    },
    "keywords": [
      "termux",
      "whatsapp",
      "2021",
      "wabase-md",
      "base",
      "baileys-md",
      "bot",
      "bot-md",
      "multi-device"
    ],
    "author": "Dika Ardnt.",
    "license": "MIT",
    "dependencies": {
      "@whiskeysockets/baileys" : "^6.5.0",
      "@adiwajshing/keyed-db": "^0.2.4",
      "@ffmpeg-installer/ffmpeg": "^1.1.0",
      "awesome-phonenumber": "^2.64.0",
      "axios": "^0.24.0",
      "chalk": "^4.1.2",
      "cheerio": "^1.0.0-rc.10",
      "child_process": "^1.0.2",
      "cookie": "^0.5.0",
      "crypto": "^1.0.1",
      "figlet": "^1.5.0",
      "javascript-obfuscator": "^4.0.0",
      "jimp": "^0.16.1",
      "jsdom": "^16.4.0",
      "ms": "^2.1.3",
      "miniget": "^4.2.2",
      "node-cron": "^3.0.0",
      "node-id3": "^0.2.3",
      "node-youtube-music": "^0.8.3",
      "object-query-string": "^1.2.0",
      "parse-ms": "^2.1.0",
      "qs": "^6.11.0",
      "qrcode": "^1.5.0",
      "request": "^2.88.2",
      "multistream": "^2.1.0",
      "got": "^11.8.3",
      "file-type": "^16.5.3",
      "fluent-ffmpeg": "^2.1.2",
      "fs": "0.0.1-security",
      "fs-extra": "^10.0.0",
      "got": "^11.8.3",
      "g-i-s": "^2.1.6",
      "google-it": "^1.6.3",
      "human-readable": "^0.2.1",
      "jimp": "^0.16.1",
      "jsdom": "^16.4.0",
      "lowdb": "^2.1.0",
      "mongoose": "^6.2.1",
      "moment-timezone": "^0.5.34",
      "node-cron": "^3.0.0",
      "node-fetch": "^2.6.1",
      "node-webpmux": "^3.1.0",
      "os": "^0.1.2",
      "path": "^0.12.7",
      "perf_hooks": "0.0.1",
      "pino": "^7.0.5",
      "qrcode-terminal": "^0.12.0",
      "request": "^2.88.2",
      "remove.bg": "^1.3.0",
      "scrape-primbon": "^1.1.0",
      "util": "^0.12.4",
      "yargs": "^17.2.1",
      "yt-search": "^2.10.3", 
      "ytdl-core": "^4.11.4",
      "youtube-yts": "^2.0.0",
      "youtubedl-core": "^4.11.4", 
      "spinnies": "^0.5.1",
      "spotifydl-x": "^0.3.0",
      "rimraf": "^3.0.2",
      "mongoose": "^6.2.1",
      "miniget": "^4.2.2",
      "mathjs": "^11.3.0",
      "readline":"^1.3.0",
      "fake-useragent": "^1.0.1",
      "emoji-api": "^1.0.2",
      "anime-wallpaper": "^1.0.2"
    },
    "directories": {
      "lib": "lib",
      "src": "src"
    },
    "devDependencies": {},
    "repository": {
      "type": "git",
      "url": "git+https://github.com/DikaArdnt/Hisoka-Morou.git"
    },
    "bugs": {
      "url": "https://github.com/DikaArdnt/Hisoka-Morou/issues"
    },
    "homepage": "https://github.com/DikaArdnt/Hisoka-Morou#readme"
  }

yarn manifest: 
  No manifest

Lockfile: 
  No lockfile
